#
# There is insufficient memory for the Java Runtime Environment to continue.
# Native memory allocation (malloc) failed to allocate 933056 bytes for Chunk::new
# Possible reasons:
#   The system is out of physical RAM or swap space
#   In 32 bit mode, the process size limit was hit
# Possible solutions:
#   Reduce memory load on the system
#   Increase physical memory or swap space
#   Check if swap backing store is full
#   Use 64 bit Java on a 64 bit OS
#   Decrease Java heap size (-Xmx/-Xms)
#   Decrease number of Java threads
#   Decrease Java thread stack sizes (-Xss)
#   Set larger code cache with -XX:ReservedCodeCacheSize=
# This output file may be truncated or incomplete.
#
#  Out of Memory Error (allocation.cpp:390), pid=920, tid=0x0000000000001a30
#
# JRE version: Java(TM) SE Runtime Environment (8.0_152-b16) (build 1.8.0_152-b16)
# Java VM: Java HotSpot(TM) 64-Bit Server VM (25.152-b16 mixed mode windows-amd64 compressed oops)
# Failed to write core dump. Minidumps are not enabled by default on client versions of Windows
#

---------------  T H R E A D  ---------------

Current thread (0x000000001abf9000):  JavaThread "C2 CompilerThread1" daemon [_thread_in_native, id=6704, stack(0x000000001b3c0000,0x000000001b4c0000)]

Stack: [0x000000001b3c0000,0x000000001b4c0000]
[error occurred during error reporting (printing stack bounds), id 0xc0000005]

Native frames: (J=compiled Java code, j=interpreted, Vv=VM code, C=native code)


Current CompileTask:
C2:   2706 1590   !   4       java.net.URLClassLoader$1::run (63 bytes)


---------------  P R O C E S S  ---------------

Java Threads: ( => current thread )
  0x000000001ac66800 JavaThread "Service Thread" daemon [_thread_blocked, id=5976, stack(0x000000001b5c0000,0x000000001b6c0000)]
  0x000000001abfa000 JavaThread "C1 CompilerThread2" daemon [_thread_in_native, id=11580, stack(0x000000001b4c0000,0x000000001b5c0000)]
=>0x000000001abf9000 JavaThread "C2 CompilerThread1" daemon [_thread_in_native, id=6704, stack(0x000000001b3c0000,0x000000001b4c0000)]
  0x000000001abf5000 JavaThread "C2 CompilerThread0" daemon [_thread_in_native, id=12908, stack(0x000000001b2c0000,0x000000001b3c0000)]
  0x000000001abf3800 JavaThread "Monitor Ctrl-Break" daemon [_thread_in_native, id=14856, stack(0x000000001b1c0000,0x000000001b2c0000)]
  0x00000000198ca000 JavaThread "Attach Listener" daemon [_thread_blocked, id=7464, stack(0x000000001b0c0000,0x000000001b1c0000)]
  0x000000001abc8800 JavaThread "Signal Dispatcher" daemon [_thread_blocked, id=7648, stack(0x000000001afc0000,0x000000001b0c0000)]
  0x0000000004d3e800 JavaThread "Finalizer" daemon [_thread_blocked, id=13808, stack(0x000000001aac0000,0x000000001abc0000)]
  0x0000000004d32000 JavaThread "Reference Handler" daemon [_thread_blocked, id=11256, stack(0x000000001a9c0000,0x000000001aac0000)]
  0x00000000046ce000 JavaThread "main" [_thread_in_native, id=8432, stack(0x00000000046d0000,0x00000000047d0000)]

Other Threads:
  0x0000000019837800 VMThread [stack: 0x000000001a8c0000,0x000000001a9c0000] [id=15120]
  0x000000001acbd800 WatcherThread [stack: 0x000000001b6c0000,0x000000001b7c0000] [id=13320]

VM state:not at safepoint (normal execution)

VM Mutex/Monitor currently owned by a thread: None

Heap:
 PSYoungGen      total 38400K, used 26893K [0x00000000d5f00000, 0x00000000daa00000, 0x0000000100000000)
  eden space 33280K, 65% used [0x00000000d5f00000,0x00000000d744b090,0x00000000d7f80000)
  from space 5120K, 99% used [0x00000000d8480000,0x00000000d8978528,0x00000000d8980000)
  to   space 5120K, 0% used [0x00000000d7f80000,0x00000000d7f80000,0x00000000d8480000)
 ParOldGen       total 87552K, used 1988K [0x0000000081c00000, 0x0000000087180000, 0x00000000d5f00000)
  object space 87552K, 2% used [0x0000000081c00000,0x0000000081df1098,0x0000000087180000)
 Metaspace       used 14892K, capacity 15254K, committed 15616K, reserved 1064960K
  class space    used 1841K, capacity 1939K, committed 2048K, reserved 1048576K

Card table byte_map: [0x0000000014100000,0x0000000014500000] byte_map_base: 0x0000000013cf2000

Marking Bits: (ParMarkBitMap*) 0x0000000052c20860
 Begin Bits: [0x0000000014bb0000, 0x0000000016b40000)
 End Bits:   [0x0000000016b40000, 0x0000000018ad0000)

Polling page: 0x00000000005f0000

CodeCache: size=245760Kb used=5595Kb max_used=5595Kb free=240164Kb
 bounds [0x0000000004d40000, 0x00000000052c0000, 0x0000000013d40000]
 total_blobs=1936 nmethods=1592 adapters=256
 compilation: enabled

Compilation events (10 events):
Event: 2.551 Thread 0x000000001abf9000 1588       4       java.lang.ClassNotFoundException::<init> (7 bytes)
Event: 2.551 Thread 0x000000001abf5000 1589       4       java.net.URLClassLoader$1::run (5 bytes)
Event: 2.553 Thread 0x000000001abf9000 nmethod 1588 0x00000000052adfd0 code [0x00000000052ae120, 0x00000000052ae488]
Event: 2.553 Thread 0x000000001abf9000 1590   !   4       java.net.URLClassLoader$1::run (63 bytes)
Event: 2.605 Thread 0x000000001abfa000 1591       3       java.util.regex.Pattern$GroupHead::match (47 bytes)
Event: 2.606 Thread 0x000000001abfa000 nmethod 1591 0x00000000052a6150 code [0x00000000052a62c0, 0x00000000052a6568]
Event: 2.645 Thread 0x000000001abfa000 1593       3       sun.nio.cs.UTF_8$Decoder::decodeArrayLoop (691 bytes)
Event: 2.654 Thread 0x000000001abfa000 nmethod 1593 0x00000000052ae650 code [0x00000000052aefa0, 0x00000000052b57e8]
Event: 2.680 Thread 0x000000001abfa000 1594       3       java.lang.Math::min (46 bytes)
Event: 2.680 Thread 0x000000001abfa000 nmethod 1594 0x00000000052ada90 code [0x00000000052adc00, 0x00000000052adf50]

GC Heap History (4 events):
Event: 1.243 GC heap before
{Heap before GC invocations=1 (full 0):
 PSYoungGen      total 38400K, used 33280K [0x00000000d5f00000, 0x00000000d8980000, 0x0000000100000000)
  eden space 33280K, 100% used [0x00000000d5f00000,0x00000000d7f80000,0x00000000d7f80000)
  from space 5120K, 0% used [0x00000000d8480000,0x00000000d8480000,0x00000000d8980000)
  to   space 5120K, 0% used [0x00000000d7f80000,0x00000000d7f80000,0x00000000d8480000)
 ParOldGen       total 87552K, used 0K [0x0000000081c00000, 0x0000000087180000, 0x00000000d5f00000)
  object space 87552K, 0% used [0x0000000081c00000,0x0000000081c00000,0x0000000087180000)
 Metaspace       used 8177K, capacity 8328K, committed 8576K, reserved 1056768K
  class space    used 1013K, capacity 1052K, committed 1152K, reserved 1048576K
Event: 1.251 GC heap after
Heap after GC invocations=1 (full 0):
 PSYoungGen      total 38400K, used 4944K [0x00000000d5f00000, 0x00000000d8980000, 0x0000000100000000)
  eden space 33280K, 0% used [0x00000000d5f00000,0x00000000d5f00000,0x00000000d7f80000)
  from space 5120K, 96% used [0x00000000d7f80000,0x00000000d8454120,0x00000000d8480000)
  to   space 5120K, 0% used [0x00000000d8480000,0x00000000d8480000,0x00000000d8980000)
 ParOldGen       total 87552K, used 8K [0x0000000081c00000, 0x0000000087180000, 0x00000000d5f00000)
  object space 87552K, 0% used [0x0000000081c00000,0x0000000081c02000,0x0000000087180000)
 Metaspace       used 8177K, capacity 8328K, committed 8576K, reserved 1056768K
  class space    used 1013K, capacity 1052K, committed 1152K, reserved 1048576K
}
Event: 1.840 GC heap before
{Heap before GC invocations=2 (full 0):
 PSYoungGen      total 38400K, used 38224K [0x00000000d5f00000, 0x00000000d8980000, 0x0000000100000000)
  eden space 33280K, 100% used [0x00000000d5f00000,0x00000000d7f80000,0x00000000d7f80000)
  from space 5120K, 96% used [0x00000000d7f80000,0x00000000d8454120,0x00000000d8480000)
  to   space 5120K, 0% used [0x00000000d8480000,0x00000000d8480000,0x00000000d8980000)
 ParOldGen       total 87552K, used 8K [0x0000000081c00000, 0x0000000087180000, 0x00000000d5f00000)
  object space 87552K, 0% used [0x0000000081c00000,0x0000000081c02000,0x0000000087180000)
 Metaspace       used 11849K, capacity 12148K, committed 12416K, reserved 1060864K
  class space    used 1484K, capacity 1576K, committed 1664K, reserved 1048576K
Event: 1.854 GC heap after
Heap after GC invocations=2 (full 0):
 PSYoungGen      total 38400K, used 5089K [0x00000000d5f00000, 0x00000000daa00000, 0x0000000100000000)
  eden space 33280K, 0% used [0x00000000d5f00000,0x00000000d5f00000,0x00000000d7f80000)
  from space 5120K, 99% used [0x00000000d8480000,0x00000000d8978528,0x00000000d8980000)
  to   space 5120K, 0% used [0x00000000d7f80000,0x00000000d7f80000,0x00000000d8480000)
 ParOldGen       total 87552K, used 1988K [0x0000000081c00000, 0x0000000087180000, 0x00000000d5f00000)
  object space 87552K, 2% used [0x0000000081c00000,0x0000000081df1098,0x0000000087180000)
 Metaspace       used 11849K, capacity 12148K, committed 12416K, reserved 1060864K
  class space    used 1484K, capacity 1576K, committed 1664K, reserved 1048576K
}

Deoptimization events (10 events):
Event: 1.930 Thread 0x00000000046ce000 Uncommon trap: reason=class_check action=maybe_recompile pc=0x000000000506a1c4 method=java.util.HashMap.putVal(ILjava/lang/Object;Ljava/lang/Object;ZZ)Ljava/lang/Object; @ 203
Event: 1.930 Thread 0x00000000046ce000 Uncommon trap: reason=class_check action=maybe_recompile pc=0x000000000506a1c4 method=java.util.HashMap.putVal(ILjava/lang/Object;Ljava/lang/Object;ZZ)Ljava/lang/Object; @ 203
Event: 2.030 Thread 0x00000000046ce000 Uncommon trap: reason=unstable_if action=reinterpret pc=0x0000000005086ef0 method=java.util.concurrent.ConcurrentHashMap.putVal(Ljava/lang/Object;Ljava/lang/Object;Z)Ljava/lang/Object; @ 206
Event: 2.069 Thread 0x00000000046ce000 Uncommon trap: reason=class_check action=maybe_recompile pc=0x000000000506a1c4 method=java.util.HashMap.putVal(ILjava/lang/Object;Ljava/lang/Object;ZZ)Ljava/lang/Object; @ 203
Event: 2.069 Thread 0x00000000046ce000 Uncommon trap: reason=class_check action=maybe_recompile pc=0x000000000506a1c4 method=java.util.HashMap.putVal(ILjava/lang/Object;Ljava/lang/Object;ZZ)Ljava/lang/Object; @ 203
Event: 2.069 Thread 0x00000000046ce000 Uncommon trap: reason=class_check action=maybe_recompile pc=0x00000000050702b4 method=java.util.HashMap.putVal(ILjava/lang/Object;Ljava/lang/Object;ZZ)Ljava/lang/Object; @ 203
Event: 2.273 Thread 0x00000000046ce000 Uncommon trap: reason=null_check action=make_not_entrant pc=0x0000000004e54528 method=java.lang.String.equals(Ljava/lang/Object;)Z @ 8
Event: 2.410 Thread 0x00000000046ce000 Uncommon trap: reason=unstable_if action=reinterpret pc=0x0000000004fa18c4 method=sun.nio.cs.UTF_8$Decoder.decode([BII[C)I @ 30
Event: 2.436 Thread 0x00000000046ce000 Uncommon trap: reason=unstable_if action=reinterpret pc=0x0000000004fd07d4 method=sun.nio.cs.UTF_8$Decoder.decodeArrayLoop(Ljava/nio/ByteBuffer;Ljava/nio/CharBuffer;)Ljava/nio/charset/CoderResult; @ 84
Event: 2.480 Thread 0x00000000046ce000 Uncommon trap: reason=unstable_if action=reinterpret pc=0x0000000004efb69c method=java.lang.String.replace(CC)Ljava/lang/String; @ 2

Classes redefined (0 events):
No events

Internal exceptions (10 events):
Event: 1.085 Thread 0x00000000046ce000 Exception <a 'java/lang/ArrayIndexOutOfBoundsException'> (0x00000000d7477840) thrown at [C:\re\workspace\8-2-build-windows-amd64-cygwin\jdk8u152\9742\hotspot\src\share\vm\runtime\sharedRuntime.cpp, line 605]
Event: 1.085 Thread 0x00000000046ce000 Exception <a 'java/lang/ArrayIndexOutOfBoundsException'> (0x00000000d7479898) thrown at [C:\re\workspace\8-2-build-windows-amd64-cygwin\jdk8u152\9742\hotspot\src\share\vm\runtime\sharedRuntime.cpp, line 605]
Event: 1.085 Thread 0x00000000046ce000 Exception <a 'java/lang/ArrayIndexOutOfBoundsException'> (0x00000000d747b4a0) thrown at [C:\re\workspace\8-2-build-windows-amd64-cygwin\jdk8u152\9742\hotspot\src\share\vm\runtime\sharedRuntime.cpp, line 605]
Event: 1.087 Thread 0x00000000046ce000 Exception <a 'java/lang/ArrayIndexOutOfBoundsException': 23> (0x00000000d747d108) thrown at [C:\re\workspace\8-2-build-windows-amd64-cygwin\jdk8u152\9742\hotspot\src\share\vm\interpreter\interpreterRuntime.cpp, line 366]
Event: 1.087 Thread 0x00000000046ce000 Exception <a 'java/lang/ArrayIndexOutOfBoundsException': 29> (0x00000000d747df78) thrown at [C:\re\workspace\8-2-build-windows-amd64-cygwin\jdk8u152\9742\hotspot\src\share\vm\interpreter\interpreterRuntime.cpp, line 366]
Event: 1.087 Thread 0x00000000046ce000 Exception <a 'java/lang/ArrayIndexOutOfBoundsException': 24> (0x00000000d747ed18) thrown at [C:\re\workspace\8-2-build-windows-amd64-cygwin\jdk8u152\9742\hotspot\src\share\vm\interpreter\interpreterRuntime.cpp, line 366]
Event: 2.058 Thread 0x00000000046ce000 Exception <a 'java/lang/NoClassDefFoundError': com/google/inject/servlet/ServletModuleTargetVisitor> (0x00000000d66642a8) thrown at [C:\re\workspace\8-2-build-windows-amd64-cygwin\jdk8u152\9742\hotspot\src\share\vm\classfile\systemDictionary.cpp, line 199
Event: 2.058 Thread 0x00000000046ce000 Exception <a 'java/lang/NoClassDefFoundError'> (0x00000000d66642a8) thrown at [C:\re\workspace\8-2-build-windows-amd64-cygwin\jdk8u152\9742\hotspot\src\share\vm\prims\jvm.cpp, line 1394]
Event: 2.058 Thread 0x00000000046ce000 Exception <a 'java/lang/NoClassDefFoundError': javax/annotation/Priority> (0x00000000d6668d50) thrown at [C:\re\workspace\8-2-build-windows-amd64-cygwin\jdk8u152\9742\hotspot\src\share\vm\classfile\systemDictionary.cpp, line 199]
Event: 2.273 Thread 0x00000000046ce000 Implicit null exception at 0x0000000004e54355 to 0x0000000004e54519

Events (10 events):
Event: 2.660 loading class org/eclipse/aether/util/version/GenericVersionConstraint
Event: 2.660 loading class org/eclipse/aether/util/version/GenericVersionConstraint done
Event: 2.661 loading class org/eclipse/aether/util/version/GenericVersion
Event: 2.661 loading class org/eclipse/aether/util/version/GenericVersion done
Event: 2.662 loading class org/eclipse/aether/util/version/GenericVersion$Tokenizer
Event: 2.662 loading class org/eclipse/aether/util/version/GenericVersion$Tokenizer done
Event: 2.664 loading class org/eclipse/aether/util/version/GenericVersion$Item
Event: 2.664 loading class org/eclipse/aether/util/version/GenericVersion$Item done
Event: 2.701 loading class org/apache/maven/model/Site
Event: 2.701 loading class org/apache/maven/model/Site done


Dynamic libraries:
0x00007ff797550000 - 0x00007ff797587000 	E:\Java\jdk1.8.0_152\bin\java.exe
0x00007ffb14120000 - 0x00007ffb14300000 	C:\WINDOWS\SYSTEM32\ntdll.dll
0x00007ffb13320000 - 0x00007ffb133ce000 	C:\WINDOWS\System32\KERNEL32.DLL
0x00007ffb10190000 - 0x00007ffb103f6000 	C:\WINDOWS\System32\KERNELBASE.dll
0x00007ffb12b70000 - 0x00007ffb12c11000 	C:\WINDOWS\System32\ADVAPI32.dll
0x00007ffb12ad0000 - 0x00007ffb12b6d000 	C:\WINDOWS\System32\msvcrt.dll
0x00007ffb11440000 - 0x00007ffb1149b000 	C:\WINDOWS\System32\sechost.dll
0x00007ffb11540000 - 0x00007ffb1165f000 	C:\WINDOWS\System32\RPCRT4.dll
0x00007ffb10ef0000 - 0x00007ffb1107f000 	C:\WINDOWS\System32\USER32.dll
0x00007ffb106b0000 - 0x00007ffb106d0000 	C:\WINDOWS\System32\win32u.dll
0x00007ffb11660000 - 0x00007ffb11688000 	C:\WINDOWS\System32\GDI32.dll
0x00007ffb0ff50000 - 0x00007ffb100e3000 	C:\WINDOWS\System32\gdi32full.dll
0x00007ffb100f0000 - 0x00007ffb1018b000 	C:\WINDOWS\System32\msvcp_win.dll
0x00007ffb0fe50000 - 0x00007ffb0ff46000 	C:\WINDOWS\System32\ucrtbase.dll
0x00007ffb0a390000 - 0x00007ffb0a5f9000 	C:\WINDOWS\WinSxS\amd64_microsoft.windows.common-controls_6595b64144ccf1df_6.0.16299.192_none_15c8cdae9364c23b\COMCTL32.dll
0x00007ffb11080000 - 0x00007ffb11388000 	C:\WINDOWS\System32\combase.dll
0x00007ffb10400000 - 0x00007ffb10472000 	C:\WINDOWS\System32\bcryptPrimitives.dll
0x00007ffb11410000 - 0x00007ffb1143d000 	C:\WINDOWS\System32\IMM32.DLL
0x00007ffb0f750000 - 0x00007ffb0f781000 	C:\windows\system32\nvinitx.dll
0x00007ffb0f740000 - 0x00007ffb0f74a000 	C:\WINDOWS\SYSTEM32\VERSION.dll
0x0000000054460000 - 0x0000000054466000 	C:\Program Files\NVIDIA Corporation\CoProcManager\_etoured.dll
0x00007ffb0c940000 - 0x00007ffb0c973000 	C:\Program Files\NVIDIA Corporation\CoProcManager\nvd3d9wrapx.dll
0x00007ffb12c20000 - 0x00007ffb1306e000 	C:\WINDOWS\System32\SETUPAPI.dll
0x00007ffb0fd50000 - 0x00007ffb0fd9a000 	C:\WINDOWS\System32\cfgmgr32.dll
0x00007ffb0cc70000 - 0x00007ffb0cc92000 	C:\Program Files\NVIDIA Corporation\CoProcManager\nvdxgiwrapx.dll
0x0000000052ca0000 - 0x0000000052d72000 	E:\Java\jdk1.8.0_152\jre\bin\msvcr100.dll
0x0000000052400000 - 0x0000000052ca0000 	E:\Java\jdk1.8.0_152\jre\bin\server\jvm.dll
0x00007ffb11530000 - 0x00007ffb11538000 	C:\WINDOWS\System32\PSAPI.DLL
0x00007ffb0cd00000 - 0x00007ffb0cd23000 	C:\WINDOWS\SYSTEM32\WINMM.dll
0x00007ffb03f50000 - 0x00007ffb03f59000 	C:\WINDOWS\SYSTEM32\WSOCK32.dll
0x00007ffb114c0000 - 0x00007ffb1152c000 	C:\WINDOWS\System32\WS2_32.dll
0x00007ffb0cca0000 - 0x00007ffb0ccca000 	C:\WINDOWS\SYSTEM32\winmmbase.dll
0x00000000523f0000 - 0x00000000523ff000 	E:\Java\jdk1.8.0_152\jre\bin\verify.dll
0x00000000523c0000 - 0x00000000523e9000 	E:\Java\jdk1.8.0_152\jre\bin\java.dll
0x00000000518e0000 - 0x0000000051903000 	E:\Java\jdk1.8.0_152\jre\bin\instrument.dll
0x00000000523a0000 - 0x00000000523b6000 	E:\Java\jdk1.8.0_152\jre\bin\zip.dll
0x00007ffb11690000 - 0x00007ffb12ac6000 	C:\WINDOWS\System32\SHELL32.dll
0x00007ffb13c70000 - 0x00007ffb13d16000 	C:\WINDOWS\System32\shcore.dll
0x00007ffb106d0000 - 0x00007ffb10e17000 	C:\WINDOWS\System32\windows.storage.dll
0x00007ffb132c0000 - 0x00007ffb13311000 	C:\WINDOWS\System32\shlwapi.dll
0x00007ffb0fce0000 - 0x00007ffb0fcf1000 	C:\WINDOWS\System32\kernel.appcore.dll
0x00007ffb0fd00000 - 0x00007ffb0fd4c000 	C:\WINDOWS\System32\powrprof.dll
0x00007ffb0fcc0000 - 0x00007ffb0fcdb000 	C:\WINDOWS\System32\profapi.dll
0x00007ffb06c40000 - 0x00007ffb06c5a000 	D:\Program Files\JetBrains\IntelliJ IDEA 2017.3.2\bin\breakgen64.dll
0x0000000052380000 - 0x000000005239a000 	E:\Java\jdk1.8.0_152\jre\bin\net.dll
0x00007ffb0f480000 - 0x00007ffb0f4e6000 	C:\WINDOWS\system32\mswsock.dll
0x0000000052360000 - 0x0000000052371000 	E:\Java\jdk1.8.0_152\jre\bin\nio.dll

VM Arguments:
jvm_args: -Dmaven.multiModuleProjectDirectory=H:\Hello_World\IdeaProjects\wms02 -Dmaven.home=E:\apache-maven-3.3.9 -Dclassworlds.conf=E:\apache-maven-3.3.9\bin\m2.conf -javaagent:D:\Program Files\JetBrains\IntelliJ IDEA 2017.3.2\lib\idea_rt.jar=5538:D:\Program Files\JetBrains\IntelliJ IDEA 2017.3.2\bin -Dfile.encoding=UTF-8 
java_command: org.codehaus.classworlds.Launcher -Didea.version=2017.3.2 -s C:\Users\Qyuelin\.m2\settings.xml -Dmaven.repo.local=E:\repository clean
java_class_path (initial): E:\apache-maven-3.3.9\boot\plexus-classworlds-2.5.2.jar;D:\Program Files\JetBrains\IntelliJ IDEA 2017.3.2\lib\idea_rt.jar
Launcher Type: SUN_STANDARD

Environment Variables:
JAVA_HOME=E:\Java\jdk1.8.0_152
CLASSPATH=E:\Java\jdk1.8.0_152\lib\dt.jar;E:\Java\jdk1.8.0_152\lib\tools.jar;E:\Java\jdk1.8.0_152
PATH=C:\Program Files (x86)\Intel\iCLS Client\;C:\Program Files\Intel\iCLS Client\;C:\windows\system32;C:\windows;C:\windows\System32\Wbem;C:\windows\System32\WindowsPowerShell\v1.0\;C:\Program Files\Intel\Intel(R) Management Engine Components\DAL;C:\Program Files\Intel\Intel(R) Management Engine Components\IPT;C:\Program Files (x86)\Intel\Intel(R) Management Engine Components\DAL;C:\Program Files (x86)\Intel\Intel(R) Management Engine Components\IPT;C:\Program Files (x86)\NVIDIA Corporation\PhysX\Common;C:\WINDOWS\system32;C:\WINDOWS;C:\WINDOWS\System32\Wbem;C:\WINDOWS\System32\WindowsPowerShell\v1.0\;D:\Program Files\Git\cmd;E:\apache-maven-3.3.9\bin;E:\Java\jdk1.8.0_152\bin
USERNAME=Qyuelin
OS=Windows_NT
PROCESSOR_IDENTIFIER=Intel64 Family 6 Model 58 Stepping 9, GenuineIntel



---------------  S Y S T E M  ---------------

OS: Windows 10.0 , 64 bit Build 16299 (10.0.16299.15)

CPU:total 4 (initial active 4) (2 cores per cpu, 2 threads per core) family 6 model 58 stepping 9, cmov, cx8, fxsr, mmx, sse, sse2, sse3, ssse3, sse4.1, sse4.2, popcnt, avx, aes, clmul, erms, ht, tsc, tscinvbit, tscinv

Memory: 4k page, physical 8271616k(1709480k free), swap 17445728k(3368k free)

vm_info: Java HotSpot(TM) 64-Bit Server VM (25.152-b16) for windows-amd64 JRE (1.8.0_152-b16), built on Sep 14 2017 02:29:36 by "java_re" with MS VC++ 10.0 (VS2010)

time: Sat Apr 14 17:30:50 2018
elapsed time: 2 seconds (0d 0h 0m 2s)

